@!@!@STARTMSG 2262:0 @!@!@
TLC2 Version 2.14 of 10 July 2019
@!@!@ENDMSG 2262 @!@!@
@!@!@STARTMSG 2187:0 @!@!@
Running breadth-first search Model-Checking with fp 39 and seed -8772296798659189963 with 4 workers on 8 cores with 1214MB heap and 2730MB offheap memory [pid: 29637] (Mac OS X 10.14.6 x86_64, AdoptOpenJDK 11.0.3 x86_64, OffHeapDiskFPSet, DiskStateQueue).
@!@!@ENDMSG 2187 @!@!@
@!@!@STARTMSG 2220:0 @!@!@
Starting SANY...
@!@!@ENDMSG 2220 @!@!@
Parsing file /Users/leif/Projects/TlaPlus/london/simple.toolbox/Model_1/MC.tla
Parsing file /Users/leif/Projects/TlaPlus/london/simple.toolbox/Model_1/Untitled.tla
Parsing file /private/var/folders/43/qkw0kl0s1wd2vgwy4qb7j1zr0000gn/T/AppTranslocation/4AE32E0B-ACC4-4BAF-A1AA-0C4408C4200C/d/TLA+ Toolbox.app/Contents/Eclipse/plugins/org.lamport.tlatools_1.0.0.201907102009/tla2sany/StandardModules/TLC.tla
Parsing file /private/var/folders/43/qkw0kl0s1wd2vgwy4qb7j1zr0000gn/T/AppTranslocation/4AE32E0B-ACC4-4BAF-A1AA-0C4408C4200C/d/TLA+ Toolbox.app/Contents/Eclipse/plugins/org.lamport.tlatools_1.0.0.201907102009/tla2sany/StandardModules/Naturals.tla
Parsing file /private/var/folders/43/qkw0kl0s1wd2vgwy4qb7j1zr0000gn/T/AppTranslocation/4AE32E0B-ACC4-4BAF-A1AA-0C4408C4200C/d/TLA+ Toolbox.app/Contents/Eclipse/plugins/org.lamport.tlatools_1.0.0.201907102009/tla2sany/StandardModules/Sequences.tla
Parsing file /private/var/folders/43/qkw0kl0s1wd2vgwy4qb7j1zr0000gn/T/AppTranslocation/4AE32E0B-ACC4-4BAF-A1AA-0C4408C4200C/d/TLA+ Toolbox.app/Contents/Eclipse/plugins/org.lamport.tlatools_1.0.0.201907102009/tla2sany/StandardModules/FiniteSets.tla
Semantic processing of module Untitled
Semantic processing of module Naturals
Semantic processing of module Sequences
Semantic processing of module FiniteSets
Semantic processing of module TLC
Semantic processing of module MC
@!@!@STARTMSG 2219:0 @!@!@
SANY finished.
@!@!@ENDMSG 2219 @!@!@
@!@!@STARTMSG 2185:0 @!@!@
Starting... (2019-09-20 11:30:51)
@!@!@ENDMSG 2185 @!@!@
@!@!@STARTMSG 2104:1 @!@!@
Assumption line 8, col 8 to line 8, col 34 of module Untitled is false.
@!@!@ENDMSG 2104 @!@!@
@!@!@STARTMSG 2186:0 @!@!@
Finished in 1114ms at (2019-09-20 11:30:52)
@!@!@ENDMSG 2186 @!@!@
